<?xml version="1.0" encoding="UTF-8"?>
<!-- Generated by org.testng.reporters.JUnitReportReporter -->
<testsuite skipped="0" hostname="HOBNJML-M6UFLYW" name="WordGame.FoodsGame.FoodsGamePlay" tests="5" failures="0" timestamp="2022-02-21T21:53:23 EST" time="68.178" errors="0">
  <testcase name="allWrongLetters" time="16.340" classname="WordGame.FoodsGame.FoodsGamePlay"/>
  <system-out/>
  <testcase name="mixedLettersWin" time="9.750" classname="WordGame.FoodsGame.FoodsGamePlay"/>
  <system-out/>
  <testcase name="startGameAndRestart" time="8.937" classname="WordGame.FoodsGame.FoodsGamePlay"/>
  <system-out/>
  <testcase name="mixedLettersLose" time="24.050" classname="WordGame.FoodsGame.FoodsGamePlay"/>
  <system-out/>
  <testcase name="allCorrectLetters" time="9.101" classname="WordGame.FoodsGame.FoodsGamePlay"/>
  <system-out/>
</testsuite> <!-- WordGame.FoodsGame.FoodsGamePlay -->
