<?xml version="1.0" encoding="UTF-8"?>
<!-- Generated by org.testng.reporters.JUnitReportReporter -->
<testsuite skipped="0" hostname="HOBNJML-M6UFLYW" name="WordGame.BooksGame.BooksGamePlay" tests="5" failures="0" timestamp="2022-02-21T21:53:23 EST" time="77.292" errors="0">
  <testcase name="startGameAndRestart" time="7.186" classname="WordGame.BooksGame.BooksGamePlay"/>
  <system-out/>
  <testcase name="mixedLettersLose" time="23.587" classname="WordGame.BooksGame.BooksGamePlay"/>
  <system-out/>
  <testcase name="allWrongLetters" time="18.379" classname="WordGame.BooksGame.BooksGamePlay"/>
  <system-out/>
  <testcase name="allCorrectLetters" time="14.912" classname="WordGame.BooksGame.BooksGamePlay"/>
  <system-out/>
  <testcase name="mixedLettersWin" time="13.228" classname="WordGame.BooksGame.BooksGamePlay"/>
  <system-out/>
</testsuite> <!-- WordGame.BooksGame.BooksGamePlay -->
