<?xml version="1.0" encoding="UTF-8"?>
<!-- Generated by org.testng.reporters.JUnitReportReporter -->
<testsuite skipped="0" hostname="HOBNJML-M6UFLYW" name="WordGame.FoodGame.FirstStepName" tests="1" failures="0" timestamp="2022-02-21T11:04:47 EST" time="4.917" errors="0">
  <testcase name="startGameWithMoreThan50CharName" time="4.917" classname="WordGame.FoodGame.FirstStepName"/>
  <system-out/>
</testsuite> <!-- WordGame.FoodGame.FirstStepName -->
