<?xml version="1.0" encoding="UTF-8"?>
<!-- Generated by org.testng.reporters.JUnitReportReporter -->
<testsuite skipped="0" hostname="HOBNJML-M6UFLYW" name="WordGame.POC" tests="1" failures="0" timestamp="2022-02-21T10:57:13 EST" time="6.734" errors="0">
  <testcase name="AllPOC" time="6.734" classname="WordGame.POC"/>
  <system-out/>
</testsuite> <!-- WordGame.POC -->
