<?xml version="1.0" encoding="UTF-8"?>
<!-- Generated by org.testng.reporters.JUnitReportReporter -->
<testsuite skipped="0" hostname="HOBNJML-M6UFLYW" name="WordGame.AnimalsGame.AnimalsGamePlay" tests="1" failures="0" timestamp="2022-02-21T15:26:18 EST" time="4.947" errors="0">
  <testcase name="startGameAndRestart" time="4.947" classname="WordGame.AnimalsGame.AnimalsGamePlay"/>
  <system-out/>
</testsuite> <!-- WordGame.AnimalsGame.AnimalsGamePlay -->
