<?xml version="1.0" encoding="UTF-8"?>
<!-- Generated by org.testng.reporters.JUnitReportReporter -->
<testsuite skipped="0" hostname="HOBNJML-M6UFLYW" name="WordGame.MoviesGame.MoviesGamePlay" tests="5" failures="0" timestamp="2022-02-21T21:53:23 EST" time="61.257" errors="0">
  <testcase name="allCorrectLetters" time="9.179" classname="WordGame.MoviesGame.MoviesGamePlay"/>
  <system-out/>
  <testcase name="mixedLettersWin" time="10.140" classname="WordGame.MoviesGame.MoviesGamePlay"/>
  <system-out/>
  <testcase name="allWrongLetters" time="15.679" classname="WordGame.MoviesGame.MoviesGamePlay"/>
  <system-out/>
  <testcase name="mixedLettersLose" time="19.756" classname="WordGame.MoviesGame.MoviesGamePlay"/>
  <system-out/>
  <testcase name="startGameAndRestart" time="6.503" classname="WordGame.MoviesGame.MoviesGamePlay"/>
  <system-out/>
</testsuite> <!-- WordGame.MoviesGame.MoviesGamePlay -->
