<?xml version="1.0" encoding="UTF-8"?>
<!-- Generated by org.testng.reporters.JUnitReportReporter -->
<testsuite skipped="0" hostname="HOBNJML-M6UFLYW" name="WordGame.PlacesGame.PlacesGamePlay" tests="5" failures="0" timestamp="2022-02-21T21:53:23 EST" time="57.475" errors="0">
  <testcase name="allWrongLetters" time="15.133" classname="WordGame.PlacesGame.PlacesGamePlay"/>
  <system-out/>
  <testcase name="mixedLettersWin" time="9.340" classname="WordGame.PlacesGame.PlacesGamePlay"/>
  <system-out/>
  <testcase name="mixedLettersLose" time="18.919" classname="WordGame.PlacesGame.PlacesGamePlay"/>
  <system-out/>
  <testcase name="startGameAndRestart" time="4.941" classname="WordGame.PlacesGame.PlacesGamePlay"/>
  <system-out/>
  <testcase name="allCorrectLetters" time="9.142" classname="WordGame.PlacesGame.PlacesGamePlay"/>
  <system-out/>
</testsuite> <!-- WordGame.PlacesGame.PlacesGamePlay -->
