<?xml version="1.0" encoding="UTF-8"?>
<!-- Generated by org.testng.reporters.JUnitReportReporter -->
<testsuite skipped="0" hostname="HOBNJML-M6UFLYW" name="WordGame.TVShowsGame.TVShowsGamePlay" tests="5" failures="0" timestamp="2022-02-21T21:53:23 EST" time="52.997" errors="0">
  <testcase name="mixedLettersLose" time="18.220" classname="WordGame.TVShowsGame.TVShowsGamePlay"/>
  <system-out/>
  <testcase name="startGameAndRestart" time="4.891" classname="WordGame.TVShowsGame.TVShowsGamePlay"/>
  <system-out/>
  <testcase name="mixedLettersWin" time="7.730" classname="WordGame.TVShowsGame.TVShowsGamePlay"/>
  <system-out/>
  <testcase name="allWrongLetters" time="15.394" classname="WordGame.TVShowsGame.TVShowsGamePlay"/>
  <system-out/>
  <testcase name="allCorrectLetters" time="6.762" classname="WordGame.TVShowsGame.TVShowsGamePlay"/>
  <system-out/>
</testsuite> <!-- WordGame.TVShowsGame.TVShowsGamePlay -->
