<?xml version="1.0" encoding="UTF-8"?>
<!-- Generated by org.testng.reporters.JUnitReportReporter -->
<testsuite skipped="0" hostname="HOBNJML-M6UFLYW" name="WordGame.FoodsGame.FirstStepName" tests="4" failures="0" timestamp="2022-02-21T21:53:23 EST" time="44.048" errors="0">
  <testcase name="startGameWithARegularName" time="7.190" classname="WordGame.FoodsGame.FirstStepName"/>
  <system-out/>
  <testcase name="startGameWithA50CharName" time="24.104" classname="WordGame.FoodsGame.FirstStepName"/>
  <system-out/>
  <testcase name="startGameWithAnEmptyName" time="5.231" classname="WordGame.FoodsGame.FirstStepName"/>
  <system-out/>
  <testcase name="startGameWithMoreThan50CharName" time="7.523" classname="WordGame.FoodsGame.FirstStepName"/>
  <system-out/>
</testsuite> <!-- WordGame.FoodsGame.FirstStepName -->
